# JRE version: OpenJDK Runtime Environment Temurin-17.0.12+7 (17.0.12+7) (build 17.0.12+7)
# Java VM: OpenJDK 64-Bit Server VM Temurin-17.0.12+7 (17.0.12+7, mixed mode, sharing, tiered, compressed oops, compressed class ptrs, parallel gc, windows-amd64)
GC Precious Log:
 CPUs: 16 total, 16 available
 Memory: 16055M
 Large Page Support: Disabled
 NUMA Support: Disabled
 Compressed Oops: Enabled (32-bit)
 Alignments: Space 512K, Generation 512K, Heap 2M
 Heap Min Capacity: 100M
 Heap Initial Capacity: 100M
 Heap Max Capacity: 1G
 Pre-touch: Disabled
 Parallel Workers: 13
Heap:
 PSYoungGen      total 22016K, used 2615K [0x00000000eab00000, 0x00000000ec280000, 0x0000000100000000)
  eden space 20992K, 8% used [0x00000000eab00000,0x00000000eacadc98,0x00000000ebf80000)
  from space 1024K, 87% used [0x00000000ebf80000,0x00000000ec060020,0x00000000ec080000)
  to   space 1536K, 0% used [0x00000000ec100000,0x00000000ec100000,0x00000000ec280000)
 ParOldGen       total 88576K, used 60251K [0x00000000c0000000, 0x00000000c5680000, 0x00000000eab00000)
  object space 88576K, 68% used [0x00000000c0000000,0x00000000c3ad6ce0,0x00000000c5680000)
 Metaspace       used 76029K, committed 77312K, reserved 1179648K
  class space    used 8526K, committed 9088K, reserved 1048576K
GC Heap History (20 events):
Event: 16.291 GC heap before
{Heap before GC invocations=45 (full 3):
 PSYoungGen      total 22528K, used 22379K [0x00000000eab00000, 0x00000000ec380000, 0x0000000100000000)
  eden space 20992K, 100% used [0x00000000eab00000,0x00000000ebf80000,0x00000000ebf80000)
  from space 1536K, 90% used [0x00000000ebf80000,0x00000000ec0dae90,0x00000000ec100000)
  to   space 2048K, 0% used [0x00000000ec180000,0x00000000ec180000,0x00000000ec380000)
 ParOldGen       total 68608K, used 57444K [0x00000000c0000000, 0x00000000c4300000, 0x00000000eab00000)
  object space 68608K, 83% used [0x00000000c0000000,0x00000000c3819368,0x00000000c4300000)
 Metaspace       used 69281K, committed 70528K, reserved 1114112K
  class space    used 7900K, committed 8512K, reserved 1048576K
}
Event: 16.293 GC heap after
{Heap after GC invocations=45 (full 3):
 PSYoungGen      total 22528K, used 1134K [0x00000000eab00000, 0x00000000ec300000, 0x0000000100000000)
  eden space 20992K, 0% used [0x00000000eab00000,0x00000000eab00000,0x00000000ebf80000)
  from space 1536K, 73% used [0x00000000ec180000,0x00000000ec29bb70,0x00000000ec300000)
  to   space 1536K, 0% used [0x00000000ebf80000,0x00000000ebf80000,0x00000000ec100000)
 ParOldGen       total 68608K, used 58385K [0x00000000c0000000, 0x00000000c4300000, 0x00000000eab00000)
  object space 68608K, 85% used [0x00000000c0000000,0x00000000c3904520,0x00000000c4300000)
 Metaspace       used 69281K, committed 70528K, reserved 1114112K
  class space    used 7900K, committed 8512K, reserved 1048576K
}
Event: 16.369 GC heap before
{Heap before GC invocations=46 (full 3):
 PSYoungGen      total 22528K, used 22126K [0x00000000eab00000, 0x00000000ec300000, 0x0000000100000000)
  eden space 20992K, 100% used [0x00000000eab00000,0x00000000ebf80000,0x00000000ebf80000)
  from space 1536K, 73% used [0x00000000ec180000,0x00000000ec29bb70,0x00000000ec300000)
  to   space 1536K, 0% used [0x00000000ebf80000,0x00000000ebf80000,0x00000000ec100000)
 ParOldGen       total 68608K, used 58385K [0x00000000c0000000, 0x00000000c4300000, 0x00000000eab00000)
  object space 68608K, 85% used [0x00000000c0000000,0x00000000c3904520,0x00000000c4300000)
 Metaspace       used 69303K, committed 70592K, reserved 1114112K
  class space    used 7900K, committed 8512K, reserved 1048576K
}
Event: 16.370 GC heap after
{Heap after GC invocations=46 (full 3):
 PSYoungGen      total 22528K, used 666K [0x00000000eab00000, 0x00000000ec200000, 0x0000000100000000)
  eden space 20992K, 0% used [0x00000000eab00000,0x00000000eab00000,0x00000000ebf80000)
  from space 1536K, 43% used [0x00000000ebf80000,0x00000000ec026bb8,0x00000000ec100000)
  to   space 1024K, 0% used [0x00000000ec100000,0x00000000ec100000,0x00000000ec200000)
 ParOldGen       total 68608K, used 59230K [0x00000000c0000000, 0x00000000c4300000, 0x00000000eab00000)
  object space 68608K, 86% used [0x00000000c0000000,0x00000000c39d78d8,0x00000000c4300000)
 Metaspace       used 69303K, committed 70592K, reserved 1114112K
  class space    used 7900K, committed 8512K, reserved 1048576K
}
Event: 16.435 GC heap before
{Heap before GC invocations=47 (full 3):
 PSYoungGen      total 22528K, used 21658K [0x00000000eab00000, 0x00000000ec200000, 0x0000000100000000)
  eden space 20992K, 100% used [0x00000000eab00000,0x00000000ebf80000,0x00000000ebf80000)
  from space 1536K, 43% used [0x00000000ebf80000,0x00000000ec026bb8,0x00000000ec100000)
  to   space 1024K, 0% used [0x00000000ec100000,0x00000000ec100000,0x00000000ec200000)
 ParOldGen       total 68608K, used 59230K [0x00000000c0000000, 0x00000000c4300000, 0x00000000eab00000)
  object space 68608K, 86% used [0x00000000c0000000,0x00000000c39d78d8,0x00000000c4300000)
 Metaspace       used 69411K, committed 70720K, reserved 1114112K
  class space    used 7912K, committed 8512K, reserved 1048576K
}
Event: 16.437 GC heap after
{Heap after GC invocations=47 (full 3):
 PSYoungGen      total 22016K, used 882K [0x00000000eab00000, 0x00000000ec200000, 0x0000000100000000)
  eden space 20992K, 0% used [0x00000000eab00000,0x00000000eab00000,0x00000000ebf80000)
  from space 1024K, 86% used [0x00000000ec100000,0x00000000ec1dcb20,0x00000000ec200000)
  to   space 1024K, 0% used [0x00000000ec000000,0x00000000ec000000,0x00000000ec100000)
 ParOldGen       total 68608K, used 59588K [0x00000000c0000000, 0x00000000c4300000, 0x00000000eab00000)
  object space 68608K, 86% used [0x00000000c0000000,0x00000000c3a31140,0x00000000c4300000)
 Metaspace       used 69411K, committed 70720K, reserved 1114112K
  class space    used 7912K, committed 8512K, reserved 1048576K
}
Event: 16.477 GC heap before
{Heap before GC invocations=48 (full 3):
 PSYoungGen      total 22016K, used 21874K [0x00000000eab00000, 0x00000000ec200000, 0x0000000100000000)
  eden space 20992K, 100% used [0x00000000eab00000,0x00000000ebf80000,0x00000000ebf80000)
  from space 1024K, 86% used [0x00000000ec100000,0x00000000ec1dcb20,0x00000000ec200000)
  to   space 1024K, 0% used [0x00000000ec000000,0x00000000ec000000,0x00000000ec100000)
 ParOldGen       total 68608K, used 59588K [0x00000000c0000000, 0x00000000c4300000, 0x00000000eab00000)
  object space 68608K, 86% used [0x00000000c0000000,0x00000000c3a31140,0x00000000c4300000)
 Metaspace       used 69454K, committed 70720K, reserved 1114112K
  class space    used 7916K, committed 8512K, reserved 1048576K
}
Event: 16.479 GC heap after
{Heap after GC invocations=48 (full 3):
 PSYoungGen      total 22016K, used 544K [0x00000000eab00000, 0x00000000ec180000, 0x0000000100000000)
  eden space 20992K, 0% used [0x00000000eab00000,0x00000000eab00000,0x00000000ebf80000)
  from space 1024K, 53% used [0x00000000ec000000,0x00000000ec088000,0x00000000ec100000)
  to   space 512K, 0% used [0x00000000ec100000,0x00000000ec100000,0x00000000ec180000)
 ParOldGen       total 68608K, used 60154K [0x00000000c0000000, 0x00000000c4300000, 0x00000000eab00000)
  object space 68608K, 87% used [0x00000000c0000000,0x00000000c3abebf8,0x00000000c4300000)
 Metaspace       used 69454K, committed 70720K, reserved 1114112K
  class space    used 7916K, committed 8512K, reserved 1048576K
}
Event: 16.597 GC heap before
{Heap before GC invocations=49 (full 3):
 PSYoungGen      total 22016K, used 21536K [0x00000000eab00000, 0x00000000ec180000, 0x0000000100000000)
  eden space 20992K, 100% used [0x00000000eab00000,0x00000000ebf80000,0x00000000ebf80000)
  from space 1024K, 53% used [0x00000000ec000000,0x00000000ec088000,0x00000000ec100000)
  to   space 512K, 0% used [0x00000000ec100000,0x00000000ec100000,0x00000000ec180000)
 ParOldGen       total 68608K, used 60154K [0x00000000c0000000, 0x00000000c4300000, 0x00000000eab00000)
  object space 68608K, 87% used [0x00000000c0000000,0x00000000c3abebf8,0x00000000c4300000)
 Metaspace       used 69876K, committed 71104K, reserved 1114112K
  class space    used 7949K, committed 8512K, reserved 1048576K
}
Event: 16.600 GC heap after
{Heap after GC invocations=49 (full 3):
 PSYoungGen      total 21504K, used 512K [0x00000000eab00000, 0x00000000ec180000, 0x0000000100000000)
  eden space 20992K, 0% used [0x00000000eab00000,0x00000000eab00000,0x00000000ebf80000)
  from space 512K, 100% used [0x00000000ec100000,0x00000000ec180000,0x00000000ec180000)
  to   space 1024K, 0% used [0x00000000ebf80000,0x00000000ebf80000,0x00000000ec080000)
 ParOldGen       total 68608K, used 60554K [0x00000000c0000000, 0x00000000c4300000, 0x00000000eab00000)
  object space 68608K, 88% used [0x00000000c0000000,0x00000000c3b22bf8,0x00000000c4300000)
 Metaspace       used 69876K, committed 71104K, reserved 1114112K
  class space    used 7949K, committed 8512K, reserved 1048576K
}
Event: 16.988 GC heap before
{Heap before GC invocations=50 (full 3):
 PSYoungGen      total 21504K, used 21504K [0x00000000eab00000, 0x00000000ec180000, 0x0000000100000000)
  eden space 20992K, 100% used [0x00000000eab00000,0x00000000ebf80000,0x00000000ebf80000)
  from space 512K, 100% used [0x00000000ec100000,0x00000000ec180000,0x00000000ec180000)
  to   space 1024K, 0% used [0x00000000ebf80000,0x00000000ebf80000,0x00000000ec080000)
 ParOldGen       total 68608K, used 60554K [0x00000000c0000000, 0x00000000c4300000, 0x00000000eab00000)
  object space 68608K, 88% used [0x00000000c0000000,0x00000000c3b22bf8,0x00000000c4300000)
 Metaspace       used 70917K, committed 72192K, reserved 1114112K
  class space    used 8058K, committed 8640K, reserved 1048576K
}
Event: 16.995 GC heap after
{Heap after GC invocations=50 (full 3):
 PSYoungGen      total 22016K, used 1020K [0x00000000eab00000, 0x00000000ec780000, 0x0000000100000000)
  eden space 20992K, 0% used [0x00000000eab00000,0x00000000eab00000,0x00000000ebf80000)
  from space 1024K, 99% used [0x00000000ebf80000,0x00000000ec07f388,0x00000000ec080000)
  to   space 4096K, 0% used [0x00000000ec380000,0x00000000ec380000,0x00000000ec780000)
 ParOldGen       total 68608K, used 62873K [0x00000000c0000000, 0x00000000c4300000, 0x00000000eab00000)
  object space 68608K, 91% used [0x00000000c0000000,0x00000000c3d66438,0x00000000c4300000)
 Metaspace       used 70917K, committed 72192K, reserved 1114112K
  class space    used 8058K, committed 8640K, reserved 1048576K
}
Event: 17.509 GC heap before
{Heap before GC invocations=51 (full 3):
 PSYoungGen      total 22016K, used 22012K [0x00000000eab00000, 0x00000000ec780000, 0x0000000100000000)
  eden space 20992K, 100% used [0x00000000eab00000,0x00000000ebf80000,0x00000000ebf80000)
  from space 1024K, 99% used [0x00000000ebf80000,0x00000000ec07f388,0x00000000ec080000)
  to   space 4096K, 0% used [0x00000000ec380000,0x00000000ec380000,0x00000000ec780000)
 ParOldGen       total 68608K, used 62873K [0x00000000c0000000, 0x00000000c4300000, 0x00000000eab00000)
  object space 68608K, 91% used [0x00000000c0000000,0x00000000c3d66438,0x00000000c4300000)
 Metaspace       used 72516K, committed 73792K, reserved 1114112K
  class space    used 8197K, committed 8768K, reserved 1048576K
}
Event: 17.515 GC heap after
{Heap after GC invocations=51 (full 3):
 PSYoungGen      total 25088K, used 3712K [0x00000000eab00000, 0x00000000ec780000, 0x0000000100000000)
  eden space 20992K, 0% used [0x00000000eab00000,0x00000000eab00000,0x00000000ebf80000)
  from space 4096K, 90% used [0x00000000ec380000,0x00000000ec7202d8,0x00000000ec780000)
  to   space 4096K, 0% used [0x00000000ebf80000,0x00000000ebf80000,0x00000000ec380000)
 ParOldGen       total 68608K, used 63789K [0x00000000c0000000, 0x00000000c4300000, 0x00000000eab00000)
  object space 68608K, 92% used [0x00000000c0000000,0x00000000c3e4b4e0,0x00000000c4300000)
 Metaspace       used 72516K, committed 73792K, reserved 1114112K
  class space    used 8197K, committed 8768K, reserved 1048576K
}
Event: 18.127 GC heap before
{Heap before GC invocations=52 (full 3):
 PSYoungGen      total 25088K, used 24704K [0x00000000eab00000, 0x00000000ec780000, 0x0000000100000000)
  eden space 20992K, 100% used [0x00000000eab00000,0x00000000ebf80000,0x00000000ebf80000)
  from space 4096K, 90% used [0x00000000ec380000,0x00000000ec7202d8,0x00000000ec780000)
  to   space 4096K, 0% used [0x00000000ebf80000,0x00000000ebf80000,0x00000000ec380000)
 ParOldGen       total 68608K, used 63789K [0x00000000c0000000, 0x00000000c4300000, 0x00000000eab00000)
  object space 68608K, 92% used [0x00000000c0000000,0x00000000c3e4b4e0,0x00000000c4300000)
 Metaspace       used 74572K, committed 75840K, reserved 1179648K
  class space    used 8340K, committed 8896K, reserved 1048576K
}
Event: 18.132 GC heap after
{Heap after GC invocations=52 (full 3):
 PSYoungGen      total 23040K, used 1648K [0x00000000eab00000, 0x00000000ec480000, 0x0000000100000000)
  eden space 20992K, 0% used [0x00000000eab00000,0x00000000eab00000,0x00000000ebf80000)
  from space 2048K, 80% used [0x00000000ebf80000,0x00000000ec11c128,0x00000000ec180000)
  to   space 2560K, 0% used [0x00000000ec200000,0x00000000ec200000,0x00000000ec480000)
 ParOldGen       total 68608K, used 66350K [0x00000000c0000000, 0x00000000c4300000, 0x00000000eab00000)
  object space 68608K, 96% used [0x00000000c0000000,0x00000000c40cba88,0x00000000c4300000)
 Metaspace       used 74572K, committed 75840K, reserved 1179648K
  class space    used 8340K, committed 8896K, reserved 1048576K
}
Event: 18.132 GC heap before
{Heap before GC invocations=53 (full 4):
 PSYoungGen      total 23040K, used 1648K [0x00000000eab00000, 0x00000000ec480000, 0x0000000100000000)
  eden space 20992K, 0% used [0x00000000eab00000,0x00000000eab00000,0x00000000ebf80000)
  from space 2048K, 80% used [0x00000000ebf80000,0x00000000ec11c128,0x00000000ec180000)
  to   space 2560K, 0% used [0x00000000ec200000,0x00000000ec200000,0x00000000ec480000)
 ParOldGen       total 68608K, used 66350K [0x00000000c0000000, 0x00000000c4300000, 0x00000000eab00000)
  object space 68608K, 96% used [0x00000000c0000000,0x00000000c40cba88,0x00000000c4300000)
 Metaspace       used 74572K, committed 75840K, reserved 1179648K
  class space    used 8340K, committed 8896K, reserved 1048576K
}
Event: 18.196 GC heap after
{Heap after GC invocations=53 (full 4):
 PSYoungGen      total 23552K, used 0K [0x00000000eab00000, 0x00000000ec480000, 0x0000000100000000)
  eden space 20992K, 0% used [0x00000000eab00000,0x00000000eab00000,0x00000000ebf80000)
  from space 2560K, 0% used [0x00000000ec200000,0x00000000ec200000,0x00000000ec480000)
  to   space 2560K, 0% used [0x00000000ebf80000,0x00000000ebf80000,0x00000000ec200000)
 ParOldGen       total 88576K, used 60243K [0x00000000c0000000, 0x00000000c5680000, 0x00000000eab00000)
  object space 88576K, 68% used [0x00000000c0000000,0x00000000c3ad4ce0,0x00000000c5680000)
 Metaspace       used 74491K, committed 75840K, reserved 1179648K
  class space    used 8319K, committed 8896K, reserved 1048576K
}
Event: 31.209 GC heap before
{Heap before GC invocations=54 (full 4):
 PSYoungGen      total 23552K, used 20992K [0x00000000eab00000, 0x00000000ec480000, 0x0000000100000000)
  eden space 20992K, 100% used [0x00000000eab00000,0x00000000ebf80000,0x00000000ebf80000)
  from space 2560K, 0% used [0x00000000ec200000,0x00000000ec200000,0x00000000ec480000)
  to   space 2560K, 0% used [0x00000000ebf80000,0x00000000ebf80000,0x00000000ec200000)
 ParOldGen       total 88576K, used 60243K [0x00000000c0000000, 0x00000000c5680000, 0x00000000eab00000)
  object space 88576K, 68% used [0x00000000c0000000,0x00000000c3ad4ce0,0x00000000c5680000)
 Metaspace       used 75891K, committed 77184K, reserved 1179648K
  class space    used 8518K, committed 9088K, reserved 1048576K
}
Event: 31.211 GC heap after
{Heap after GC invocations=54 (full 4):
 PSYoungGen      total 22016K, used 896K [0x00000000eab00000, 0x00000000ec280000, 0x0000000100000000)
  eden space 20992K, 0% used [0x00000000eab00000,0x00000000eab00000,0x00000000ebf80000)
  from space 1024K, 87% used [0x00000000ebf80000,0x00000000ec060020,0x00000000ec080000)
  to   space 1536K, 0% used [0x00000000ec100000,0x00000000ec100000,0x00000000ec280000)
 ParOldGen       total 88576K, used 60251K [0x00000000c0000000, 0x00000000c5680000, 0x00000000eab00000)
  object space 88576K, 68% used [0x00000000c0000000,0x00000000c3ad6ce0,0x00000000c5680000)
 Metaspace       used 75891K, committed 77184K, reserved 1179648K
  class space    used 8518K, committed 9088K, reserved 1048576K
}

